[19:55:50] [INFO] === Pipeline Start: EXP02_NIC_LOW_LATENCY ===
[19:55:50] [INFO] Description: I226-V: interrupt moderation off, LSO off, flow control off
[19:55:50] [INFO] Duration: 120s | WPR: False | Profile: GeneralProfile.Verbose
[19:55:50] [INFO] Output: C:\Users\L\Desktop\windows-latency-optimizer\captures\experiments\20260329_195550_EXP02_NIC_LOW_LATENCY
[19:55:50] [INFO] Checking system idle state...
[19:55:53] [PASS] CPU at 1.3% - idle check passed
[19:55:53] [INFO] 
[19:55:53] [INFO] === Phase 2: WPR skipped ===
[19:55:53] [INFO] 
[19:55:53] [INFO] === Phase 3: Perf counter capture 120s ===
[19:57:54] [PASS] Perf capture done: 120 samples
[19:57:54] [INFO] Capturing GPU utilization...
[19:57:59] [PASS] GPU 3D utilization: 0% avg, 0.03% max
[19:57:59] [INFO] 
[19:57:59] [INFO] === Phase 4: Skipped - no WPR trace ===
[19:57:59] [INFO] 
[19:57:59] [INFO] === Phase 5: Registry snapshot ===
[19:57:59] [PASS] Registry snapshot captured
[19:57:59] [INFO] 
[19:57:59] [INFO] === Phase 6: Analysis ===
[19:57:59] [PASS] CPU 0 share: 0%
[19:57:59] [PASS] Total DPC: 0.0935%
[19:57:59] [PASS] Total Interrupt: 0.0431%
[19:57:59] [INFO] 
[19:57:59] [INFO] === Phase 7: Saving experiment JSON ===
[19:57:59] [PASS] Saved experiment.json
[19:57:59] [INFO] 
[19:57:59] [INFO] === Phase 8: Updating dashboard ===
[19:57:59] [PASS] Dashboard data regenerated
[19:57:59] [INFO] 
[19:57:59] [INFO] ========================================
[19:57:59] [INFO] === Pipeline Complete ===
[19:57:59] [INFO] ========================================
[19:57:59] [INFO] 
[19:57:59] [INFO] Output: C:\Users\L\Desktop\windows-latency-optimizer\captures\experiments\20260329_195550_EXP02_NIC_LOW_LATENCY
[19:57:59] [INFO]   experiment.json - perf counters + registry + per-CPU
[19:57:59] [INFO]   analysis.txt    - human-readable report
[19:57:59] [INFO] 
[19:57:59] [INFO] Topology: CPU0=0% | Input=0% | GPU/NIC=94.3%
