[15:41:54] [INFO] === Pipeline Start: EXP08_FULL_ANALYSIS ===
[15:41:54] [INFO] Description: Full system analysis after all optimizations and review fixes
[15:41:54] [INFO] Duration: 120s | WPR: True | Profile: GeneralProfile.Verbose
[15:41:54] [INFO] Output: C:\Users\L\Desktop\windows-latency-optimizer\captures\experiments\20260329_154154_EXP08_FULL_ANALYSIS
[15:41:54] [INFO] Checking system idle state...
[15:41:57] [PASS] CPU at 5.9% - idle check passed
[15:41:57] [INFO] 
[15:41:57] [INFO] === Phase 2: Starting WPR trace ===
[15:41:58] [PASS] WPR recording started
[15:41:58] [INFO] 
[15:41:58] [INFO] === Phase 3: Perf counter capture 120s ===
[15:43:58] [PASS] Perf capture done: 120 samples
[15:43:58] [INFO] 
[15:43:58] [INFO] === Phase 4: Stopping WPR trace ===
[15:44:03] [PASS] WPR trace saved: trace.etl 1299 MB
[15:44:03] [INFO] Running xperf DPC/ISR analysis...
[15:44:05] [PASS] xperf DPC/ISR report: 104.1 KB
[15:44:05] [INFO] 
[15:44:05] [INFO] === Phase 5: Registry snapshot ===
[15:44:06] [PASS] Registry snapshot captured
[15:44:06] [INFO] 
[15:44:06] [INFO] === Phase 6: Analysis ===
[15:44:06] [PASS] CPU 0 share: 0.2%
[15:44:06] [PASS] Total DPC: 0.4385%
[15:44:06] [PASS] Total Interrupt: 0.5254%
[15:44:06] [INFO] 
[15:44:06] [INFO] === Phase 7: Saving experiment JSON ===
[15:44:06] [PASS] Saved experiment.json
[15:44:06] [INFO] 
[15:44:06] [INFO] === Phase 8: Updating dashboard ===
[15:44:06] [PASS] Dashboard data regenerated
[15:44:06] [INFO] 
[15:44:06] [INFO] ========================================
[15:44:06] [INFO] === Pipeline Complete ===
[15:44:06] [INFO] ========================================
[15:44:06] [INFO] 
[15:44:06] [INFO] Output: C:\Users\L\Desktop\windows-latency-optimizer\captures\experiments\20260329_154154_EXP08_FULL_ANALYSIS
[15:44:06] [INFO]   experiment.json - perf counters + registry + per-CPU
[15:44:06] [INFO]   trace.etl       - open in WPA for DPC/ISR drill-down
[15:44:06] [INFO]   dpcisr_report   - xperf DPC/ISR summary
[15:44:06] [INFO]   analysis.txt    - human-readable report
[15:44:06] [INFO] 
[15:44:06] [INFO] Topology: CPU0=0.2% | Input=1.7% | GPU/NIC=94.6%
