[18:02:53] [INFO] === Pipeline Start: EXP11_SYNTHETIC_LOAD_V2 ===
[18:02:53] [INFO] Description: Synthetic load v2: 8 CPU threads, disk IO, 60hz UDP - testing full pipeline with GPU counters and cswitch
[18:02:53] [INFO] Duration: 120s | WPR: True | Profile: GeneralProfile.Verbose
[18:02:53] [INFO] Output: C:\Users\L\Desktop\windows-latency-optimizer\captures\experiments\20260329_180253_EXP11_SYNTHETIC_LOAD_V2
[18:02:53] [INFO] Checking system idle state...
[18:02:56] [PASS] CPU at 4.7% - idle check passed
[18:02:56] [INFO] 
[18:02:56] [INFO] === Phase 2: Starting WPR trace ===
[18:02:56] [PASS] WPR recording started
[18:02:56] [INFO] 
[18:02:56] [INFO] === Phase 3: Perf counter capture 120s ===
[18:04:57] [PASS] Perf capture done: 120 samples
[18:04:57] [INFO] Capturing GPU utilization...
[18:05:02] [PASS] GPU 3D utilization: 0.04% avg, 1.93% max
[18:05:02] [INFO] 
[18:05:02] [INFO] === Phase 4: Stopping WPR trace ===
[18:05:07] [PASS] WPR trace saved: trace.etl 1426 MB
[18:05:07] [INFO] Running xperf DPC/ISR analysis...
[18:05:10] [PASS] xperf DPC/ISR report: 103.7 KB
[18:05:10] [INFO] Running xperf context switch analysis...
[18:05:13] [PASS] xperf cswitch report generated
[18:05:13] [INFO] 
[18:05:13] [INFO] === Phase 5: Registry snapshot ===
[18:05:13] [PASS] Registry snapshot captured
[18:05:13] [INFO] 
[18:05:13] [INFO] === Phase 6: Analysis ===
[18:05:13] [PASS] CPU 0 share: 0.7%
[18:05:13] [PASS] Total DPC: 0.4521%
[18:05:13] [PASS] Total Interrupt: 0.6115%
[18:05:14] [INFO] 
[18:05:14] [INFO] === Phase 7: Saving experiment JSON ===
[18:05:14] [PASS] Saved experiment.json
[18:05:14] [INFO] 
[18:05:14] [INFO] === Phase 8: Updating dashboard ===
[18:05:14] [PASS] Dashboard data regenerated
[18:05:14] [INFO] 
[18:05:14] [INFO] ========================================
[18:05:14] [INFO] === Pipeline Complete ===
[18:05:14] [INFO] ========================================
[18:05:14] [INFO] 
[18:05:14] [INFO] Output: C:\Users\L\Desktop\windows-latency-optimizer\captures\experiments\20260329_180253_EXP11_SYNTHETIC_LOAD_V2
[18:05:14] [INFO]   experiment.json - perf counters + registry + per-CPU
[18:05:14] [INFO]   trace.etl       - open in WPA for DPC/ISR drill-down
[18:05:14] [INFO]   dpcisr_report   - xperf DPC/ISR summary
[18:05:14] [INFO]   analysis.txt    - human-readable report
[18:05:14] [INFO] 
[18:05:14] [INFO] Topology: CPU0=0.7% | Input=2.4% | GPU/NIC=91.6%
