[06:12:44] [INFO] === Pipeline Start: EXP06_STORAGE_PM ===
[06:12:44] [INFO] Description: NVMe idle/latency=0, PCIe ASPM=0, AHCI HIPM/DIPM=0 (storage power management disabled)
[06:12:44] [INFO] Duration: 120s | WPR: False | Profile: GeneralProfile.Verbose
[06:12:44] [INFO] Output: C:\Users\L\Desktop\windows-latency-optimizer\captures\experiments\20260330_061244_EXP06_STORAGE_PM
[06:12:44] [INFO] Checking system idle state...
[06:12:48] [PASS] CPU at 3.6% - idle check passed
[06:12:48] [INFO] 
[06:12:48] [INFO] === Phase 2: WPR skipped ===
[06:12:48] [INFO] 
[06:12:48] [INFO] === Phase 3: Perf counter capture 120s ===
[06:14:48] [PASS] Perf capture done: 120 samples
[06:14:48] [INFO] Capturing GPU utilization...
[06:14:53] [PASS] GPU 3D utilization: 0.01% avg, 0.94% max
[06:14:53] [INFO] 
[06:14:53] [INFO] === Phase 4: Skipped - no WPR trace ===
[06:14:53] [INFO] 
[06:14:53] [INFO] === Phase 5: Registry snapshot ===
[06:14:54] [PASS] Registry snapshot captured
[06:14:54] [INFO] 
[06:14:54] [INFO] === Phase 6: Analysis ===
[06:14:54] [PASS] CPU 0 share: 0.4%
[06:14:54] [PASS] Total DPC: 0.33%
[06:14:54] [PASS] Total Interrupt: 0.4625%
[06:14:54] [INFO] 
[06:14:54] [INFO] === Phase 7: Saving experiment JSON ===
[06:14:54] [PASS] Saved experiment.json
[06:14:54] [INFO] 
[06:14:54] [INFO] === Phase 8: Updating dashboard ===
[06:14:55] [PASS] Dashboard data regenerated
[06:14:55] [INFO] 
[06:14:55] [INFO] ========================================
[06:14:55] [INFO] === Pipeline Complete ===
[06:14:55] [INFO] ========================================
[06:14:55] [INFO] 
[06:14:55] [INFO] Output: C:\Users\L\Desktop\windows-latency-optimizer\captures\experiments\20260330_061244_EXP06_STORAGE_PM
[06:14:55] [INFO]   experiment.json - perf counters + registry + per-CPU
[06:14:55] [INFO]   analysis.txt    - human-readable report
[06:14:55] [INFO] 
[06:14:55] [INFO] Topology: CPU0=0.4% | Input=0.9% | GPU/NIC=94.9%
