[16:19:25] [INFO] === Pipeline Start: EXP09_UNDER_LOAD ===
[16:19:25] [INFO] Description: Synthetic gaming load: 8 CPU stress threads on CPUs 8-15, disk IO bursts, 60pkt/sec UDP loopback
[16:19:25] [INFO] Duration: 120s | WPR: True | Profile: GeneralProfile.Verbose
[16:19:25] [INFO] Output: C:\Users\L\Desktop\windows-latency-optimizer\captures\experiments\20260329_161925_EXP09_UNDER_LOAD
[16:19:25] [INFO] Checking system idle state...
[16:19:28] [PASS] CPU at 5.2% - idle check passed
[16:19:28] [INFO] 
[16:19:28] [INFO] === Phase 2: Starting WPR trace ===
[16:19:28] [PASS] WPR recording started
[16:19:28] [INFO] 
[16:19:28] [INFO] === Phase 3: Perf counter capture 120s ===
[16:21:33] [PASS] Perf capture done: 120 samples
[16:21:33] [INFO] 
[16:21:33] [INFO] === Phase 4: Stopping WPR trace ===
[16:21:45] [PASS] WPR trace saved: trace.etl 2864 MB
[16:21:45] [INFO] Running xperf DPC/ISR analysis...
[16:21:53] [PASS] xperf DPC/ISR report: 116 KB
[16:21:53] [INFO] 
[16:21:53] [INFO] === Phase 5: Registry snapshot ===
[16:21:54] [PASS] Registry snapshot captured
[16:21:54] [INFO] 
[16:21:54] [INFO] === Phase 6: Analysis ===
[16:21:54] [PASS] CPU 0 share: 2.1%
[16:21:54] [REVIEW] Total DPC: 0.7057%
[16:21:54] [PASS] Total Interrupt: 0.8993%
[16:21:54] [INFO] 
[16:21:54] [INFO] === Phase 7: Saving experiment JSON ===
[16:21:54] [PASS] Saved experiment.json
[16:21:54] [INFO] 
[16:21:54] [INFO] === Phase 8: Updating dashboard ===
[16:21:54] [PASS] Dashboard data regenerated
[16:21:54] [INFO] 
[16:21:54] [INFO] ========================================
[16:21:54] [INFO] === Pipeline Complete ===
[16:21:54] [INFO] ========================================
[16:21:54] [INFO] 
[16:21:54] [INFO] Output: C:\Users\L\Desktop\windows-latency-optimizer\captures\experiments\20260329_161925_EXP09_UNDER_LOAD
[16:21:54] [INFO]   experiment.json - perf counters + registry + per-CPU
[16:21:54] [INFO]   trace.etl       - open in WPA for DPC/ISR drill-down
[16:21:54] [INFO]   dpcisr_report   - xperf DPC/ISR summary
[16:21:54] [INFO]   analysis.txt    - human-readable report
[16:21:54] [INFO] 
[16:21:54] [INFO] Topology: CPU0=2.1% | Input=4.7% | GPU/NIC=78.8%
